x:\development\adv3dmod_labs\lab2\debug\vc120.pdb
x:\development\adv3dmod_labs\lab2\debug\vc120.idb
x:\development\adv3dmod_labs\lab2\debug\eyetracker.obj
x:\development\adv3dmod_labs\lab2\debug\findeyecenter.obj
x:\development\adv3dmod_labs\lab2\debug\findeyecorner.obj
x:\development\adv3dmod_labs\lab2\debug\helper.obj
x:\development\adv3dmod_labs\lab2\debug\main.obj
x:\development\adv3dmod_labs\lab2\debug\game.obj
x:\development\adv3dmod_labs\lab2\debug\gameworld.obj
x:\development\adv3dmod_labs\lab2\debug\dynamicobject.obj
x:\development\adv3dmod_labs\lab2\debug\skydome.obj
x:\development\adv3dmod_labs\lab2\debug\skybox.obj
x:\development\adv3dmod_labs\lab2\debug\terrain.obj
x:\development\adv3dmod_labs\lab2\debug\testdynamicobject.obj
x:\development\adv3dmod_labs\lab2\debug\enemy.obj
x:\development\adv3dmod_labs\lab2\debug\collider.obj
x:\development\adv3dmod_labs\lab2\debug\cannonball.obj
x:\development\adv3dmod_labs\debug\eyetrackinggame.ilk
x:\development\adv3dmod_labs\debug\eyetrackinggame.exe
x:\development\adv3dmod_labs\debug\eyetrackinggame.pdb
x:\development\adv3dmod_labs\lab2\debug\eyetrackinggame.tlog\cl.command.1.tlog
x:\development\adv3dmod_labs\lab2\debug\eyetrackinggame.tlog\cl.read.1.tlog
x:\development\adv3dmod_labs\lab2\debug\eyetrackinggame.tlog\cl.write.1.tlog
x:\development\adv3dmod_labs\lab2\debug\eyetrackinggame.tlog\link.command.1.tlog
x:\development\adv3dmod_labs\lab2\debug\eyetrackinggame.tlog\link.read.1.tlog
x:\development\adv3dmod_labs\lab2\debug\eyetrackinggame.tlog\link.write.1.tlog
