d:\adv3dmod_labs\lab2\debug\gameworld.obj
d:\adv3dmod_labs\lab2\debug\skybox.obj
d:\adv3dmod_labs\lab2\debug\terrain.obj
d:\adv3dmod_labs\lab2\debug\main.obj
d:\adv3dmod_labs\lab2\debug\vc110.pdb
d:\adv3dmod_labs\lab2\debug\game.obj
d:\adv3dmod_labs\lab2\debug\skydome.obj
d:\lab builds\lab2\debug\lab2.ilk
d:\lab builds\lab2\debug\lab2.exe
d:\lab builds\lab2\debug\lab2.pdb
x:\development\adv3dmod_labs\lab2\debug\vc120.pdb
x:\development\adv3dmod_labs\lab2\debug\vc120.idb
x:\development\adv3dmod_labs\lab2\debug\gameworld.obj
x:\development\adv3dmod_labs\lab2\debug\main.obj
x:\development\adv3dmod_labs\lab2\debug\skybox.obj
x:\development\adv3dmod_labs\lab2\debug\terrain.obj
x:\development\adv3dmod_labs\lab2\debug\game.obj
x:\development\adv3dmod_labs\lab2\debug\skydome.obj
x:\development\adv3dmod_labs\debug\lab2.ilk
x:\development\adv3dmod_labs\debug\lab2.exe
x:\development\adv3dmod_labs\debug\lab2.pdb
x:\development\adv3dmod_labs\lab2\debug\camera.obj
x:\development\adv3dmod_labs\lab2\debug\cl.command.1.tlog
x:\development\adv3dmod_labs\lab2\debug\cl.read.1.tlog
x:\development\adv3dmod_labs\lab2\debug\cl.write.1.tlog
x:\development\adv3dmod_labs\lab2\debug\link-cvtres.read.1.tlog
x:\development\adv3dmod_labs\lab2\debug\link-cvtres.write.1.tlog
x:\development\adv3dmod_labs\lab2\debug\link-rc.read.1.tlog
x:\development\adv3dmod_labs\lab2\debug\link-rc.write.1.tlog
x:\development\adv3dmod_labs\lab2\debug\link.1500-cvtres.read.1.tlog
x:\development\adv3dmod_labs\lab2\debug\link.1500-cvtres.write.1.tlog
x:\development\adv3dmod_labs\lab2\debug\link.1500-rc.read.1.tlog
x:\development\adv3dmod_labs\lab2\debug\link.1500-rc.write.1.tlog
x:\development\adv3dmod_labs\lab2\debug\link.1500.read.1.tlog
x:\development\adv3dmod_labs\lab2\debug\link.1500.write.1.tlog
x:\development\adv3dmod_labs\lab2\debug\link.2580-cvtres.read.1.tlog
x:\development\adv3dmod_labs\lab2\debug\link.2580-cvtres.write.1.tlog
x:\development\adv3dmod_labs\lab2\debug\link.2580-rc.read.1.tlog
x:\development\adv3dmod_labs\lab2\debug\link.2580-rc.write.1.tlog
x:\development\adv3dmod_labs\lab2\debug\link.2580.read.1.tlog
x:\development\adv3dmod_labs\lab2\debug\link.2580.write.1.tlog
x:\development\adv3dmod_labs\lab2\debug\link.2796-cvtres.read.1.tlog
x:\development\adv3dmod_labs\lab2\debug\link.2796-cvtres.write.1.tlog
x:\development\adv3dmod_labs\lab2\debug\link.2796-rc.read.1.tlog
x:\development\adv3dmod_labs\lab2\debug\link.2796-rc.write.1.tlog
x:\development\adv3dmod_labs\lab2\debug\link.2796.read.1.tlog
x:\development\adv3dmod_labs\lab2\debug\link.2796.write.1.tlog
x:\development\adv3dmod_labs\lab2\debug\link.3396-cvtres.read.1.tlog
x:\development\adv3dmod_labs\lab2\debug\link.3396-cvtres.write.1.tlog
x:\development\adv3dmod_labs\lab2\debug\link.3396-rc.read.1.tlog
x:\development\adv3dmod_labs\lab2\debug\link.3396-rc.write.1.tlog
x:\development\adv3dmod_labs\lab2\debug\link.3396.read.1.tlog
x:\development\adv3dmod_labs\lab2\debug\link.3396.write.1.tlog
x:\development\adv3dmod_labs\lab2\debug\link.4160-cvtres.read.1.tlog
x:\development\adv3dmod_labs\lab2\debug\link.4160-cvtres.write.1.tlog
x:\development\adv3dmod_labs\lab2\debug\link.4160-rc.read.1.tlog
x:\development\adv3dmod_labs\lab2\debug\link.4160-rc.write.1.tlog
x:\development\adv3dmod_labs\lab2\debug\link.4160.read.1.tlog
x:\development\adv3dmod_labs\lab2\debug\link.4160.write.1.tlog
x:\development\adv3dmod_labs\lab2\debug\link.424-cvtres.read.1.tlog
x:\development\adv3dmod_labs\lab2\debug\link.424-cvtres.write.1.tlog
x:\development\adv3dmod_labs\lab2\debug\link.424-rc.read.1.tlog
x:\development\adv3dmod_labs\lab2\debug\link.424-rc.write.1.tlog
x:\development\adv3dmod_labs\lab2\debug\link.424.read.1.tlog
x:\development\adv3dmod_labs\lab2\debug\link.424.write.1.tlog
x:\development\adv3dmod_labs\lab2\debug\link.4640-cvtres.read.1.tlog
x:\development\adv3dmod_labs\lab2\debug\link.4640-cvtres.write.1.tlog
x:\development\adv3dmod_labs\lab2\debug\link.4640-rc.read.1.tlog
x:\development\adv3dmod_labs\lab2\debug\link.4640-rc.write.1.tlog
x:\development\adv3dmod_labs\lab2\debug\link.4640.read.1.tlog
x:\development\adv3dmod_labs\lab2\debug\link.4640.write.1.tlog
x:\development\adv3dmod_labs\lab2\debug\link.5452-cvtres.read.1.tlog
x:\development\adv3dmod_labs\lab2\debug\link.5452-cvtres.write.1.tlog
x:\development\adv3dmod_labs\lab2\debug\link.5452-rc.read.1.tlog
x:\development\adv3dmod_labs\lab2\debug\link.5452-rc.write.1.tlog
x:\development\adv3dmod_labs\lab2\debug\link.5452.read.1.tlog
x:\development\adv3dmod_labs\lab2\debug\link.5452.write.1.tlog
x:\development\adv3dmod_labs\lab2\debug\link.5624-cvtres.read.1.tlog
x:\development\adv3dmod_labs\lab2\debug\link.5624-cvtres.write.1.tlog
x:\development\adv3dmod_labs\lab2\debug\link.5624-rc.read.1.tlog
x:\development\adv3dmod_labs\lab2\debug\link.5624-rc.write.1.tlog
x:\development\adv3dmod_labs\lab2\debug\link.5624.read.1.tlog
x:\development\adv3dmod_labs\lab2\debug\link.5624.write.1.tlog
x:\development\adv3dmod_labs\lab2\debug\link.6268-cvtres.read.1.tlog
x:\development\adv3dmod_labs\lab2\debug\link.6268-cvtres.write.1.tlog
x:\development\adv3dmod_labs\lab2\debug\link.6268-rc.read.1.tlog
x:\development\adv3dmod_labs\lab2\debug\link.6268-rc.write.1.tlog
x:\development\adv3dmod_labs\lab2\debug\link.6268.read.1.tlog
x:\development\adv3dmod_labs\lab2\debug\link.6268.write.1.tlog
x:\development\adv3dmod_labs\lab2\debug\link.6488-cvtres.read.1.tlog
x:\development\adv3dmod_labs\lab2\debug\link.6488-cvtres.write.1.tlog
x:\development\adv3dmod_labs\lab2\debug\link.6488-rc.read.1.tlog
x:\development\adv3dmod_labs\lab2\debug\link.6488-rc.write.1.tlog
x:\development\adv3dmod_labs\lab2\debug\link.6488.read.1.tlog
x:\development\adv3dmod_labs\lab2\debug\link.6488.write.1.tlog
x:\development\adv3dmod_labs\lab2\debug\link.6596-cvtres.read.1.tlog
x:\development\adv3dmod_labs\lab2\debug\link.6596-cvtres.write.1.tlog
x:\development\adv3dmod_labs\lab2\debug\link.6596-rc.read.1.tlog
x:\development\adv3dmod_labs\lab2\debug\link.6596-rc.write.1.tlog
x:\development\adv3dmod_labs\lab2\debug\link.6596.read.1.tlog
x:\development\adv3dmod_labs\lab2\debug\link.6596.write.1.tlog
x:\development\adv3dmod_labs\lab2\debug\link.6640-cvtres.read.1.tlog
x:\development\adv3dmod_labs\lab2\debug\link.6640-cvtres.write.1.tlog
x:\development\adv3dmod_labs\lab2\debug\link.6640-rc.read.1.tlog
x:\development\adv3dmod_labs\lab2\debug\link.6640-rc.write.1.tlog
x:\development\adv3dmod_labs\lab2\debug\link.6640.read.1.tlog
x:\development\adv3dmod_labs\lab2\debug\link.6640.write.1.tlog
x:\development\adv3dmod_labs\lab2\debug\link.6744-cvtres.read.1.tlog
x:\development\adv3dmod_labs\lab2\debug\link.6744-cvtres.write.1.tlog
x:\development\adv3dmod_labs\lab2\debug\link.6744-rc.read.1.tlog
x:\development\adv3dmod_labs\lab2\debug\link.6744-rc.write.1.tlog
x:\development\adv3dmod_labs\lab2\debug\link.6744.read.1.tlog
x:\development\adv3dmod_labs\lab2\debug\link.6744.write.1.tlog
x:\development\adv3dmod_labs\lab2\debug\link.6884-cvtres.read.1.tlog
x:\development\adv3dmod_labs\lab2\debug\link.6884-cvtres.write.1.tlog
x:\development\adv3dmod_labs\lab2\debug\link.6884-rc.read.1.tlog
x:\development\adv3dmod_labs\lab2\debug\link.6884-rc.write.1.tlog
x:\development\adv3dmod_labs\lab2\debug\link.6884.read.1.tlog
x:\development\adv3dmod_labs\lab2\debug\link.6884.write.1.tlog
x:\development\adv3dmod_labs\lab2\debug\link.6960-cvtres.read.1.tlog
x:\development\adv3dmod_labs\lab2\debug\link.6960-cvtres.write.1.tlog
x:\development\adv3dmod_labs\lab2\debug\link.6960-rc.read.1.tlog
x:\development\adv3dmod_labs\lab2\debug\link.6960-rc.write.1.tlog
x:\development\adv3dmod_labs\lab2\debug\link.6960.read.1.tlog
x:\development\adv3dmod_labs\lab2\debug\link.6960.write.1.tlog
x:\development\adv3dmod_labs\lab2\debug\link.7036-cvtres.read.1.tlog
x:\development\adv3dmod_labs\lab2\debug\link.7036-cvtres.write.1.tlog
x:\development\adv3dmod_labs\lab2\debug\link.7036-rc.read.1.tlog
x:\development\adv3dmod_labs\lab2\debug\link.7036-rc.write.1.tlog
x:\development\adv3dmod_labs\lab2\debug\link.7036.read.1.tlog
x:\development\adv3dmod_labs\lab2\debug\link.7036.write.1.tlog
x:\development\adv3dmod_labs\lab2\debug\link.776-cvtres.read.1.tlog
x:\development\adv3dmod_labs\lab2\debug\link.776-cvtres.write.1.tlog
x:\development\adv3dmod_labs\lab2\debug\link.776-rc.read.1.tlog
x:\development\adv3dmod_labs\lab2\debug\link.776-rc.write.1.tlog
x:\development\adv3dmod_labs\lab2\debug\link.776.read.1.tlog
x:\development\adv3dmod_labs\lab2\debug\link.776.write.1.tlog
x:\development\adv3dmod_labs\lab2\debug\link.command.1.tlog
x:\development\adv3dmod_labs\lab2\debug\link.read.1.tlog
x:\development\adv3dmod_labs\lab2\debug\link.write.1.tlog
x:\development\adv3dmod_labs\lab2\debug\vc110.idb
x:\development\adv3dmod_labs\lab2\debug\vc110.pdb
x:\development\adv3dmod_labs\lab2\debug\lab2.tlog\cl.command.1.tlog
x:\development\adv3dmod_labs\lab2\debug\lab2.tlog\cl.read.1.tlog
x:\development\adv3dmod_labs\lab2\debug\lab2.tlog\cl.write.1.tlog
x:\development\adv3dmod_labs\lab2\debug\lab2.tlog\link.7020-cvtres.read.1.tlog
x:\development\adv3dmod_labs\lab2\debug\lab2.tlog\link.7020-cvtres.write.1.tlog
x:\development\adv3dmod_labs\lab2\debug\lab2.tlog\link.7020-rc.read.1.tlog
x:\development\adv3dmod_labs\lab2\debug\lab2.tlog\link.7020-rc.write.1.tlog
x:\development\adv3dmod_labs\lab2\debug\lab2.tlog\link.7020.read.1.tlog
x:\development\adv3dmod_labs\lab2\debug\lab2.tlog\link.7020.write.1.tlog
x:\development\adv3dmod_labs\lab2\debug\lab2.tlog\link.command.1.tlog
x:\development\adv3dmod_labs\lab2\debug\lab2.tlog\link.read.1.tlog
x:\development\adv3dmod_labs\lab2\debug\lab2.tlog\link.write.1.tlog
