Build started 17/03/2015 15:06:49.
     1>Project "X:\Development\Final Year Project\Lab2\Lab2.vcxproj" on node 2 (Build target(s)).
     1>C:\Program Files (x86)\MSBuild\Microsoft.Cpp\v4.0\V120\Microsoft.CppBuild.targets(388,5): warning MSB8028: The intermediate directory (Debug\) contains files shared from another project (Lab2.vcxproj).  This can lead to incorrect clean and rebuild behavior.
     1>ClCompile:
         C:\Program Files (x86)\Microsoft Visual Studio 12.0\VC\bin\CL.exe /c /IF:\OpenCV\build\include /IF:\OSG_3.20\include /ZI /nologo /W3 /WX- /sdl /Od /Oy- /D WIN32 /D _DEBUG /D _MBCS /Gm /EHsc /RTC1 /MDd /GS /fp:precise /Zc:wchar_t /Zc:forScope /Fo"Debug\\" /Fd"Debug\vc120.pdb" /Gd /TP /analyze- /errorReport:prompt EyeTracker.cpp
         EyeTracker.cpp
     1>x:\development\final year project\lab2\eyetracker.cpp(51): warning C4101: 'e' : unreferenced local variable
     1>x:\development\final year project\lab2\eyetracker.cpp(277): warning C4018: '<' : signed/unsigned mismatch
       Link:
         C:\Program Files (x86)\Microsoft Visual Studio 12.0\VC\bin\link.exe /ERRORREPORT:PROMPT /OUT:"X:\Development\Final Year Project\Debug\EyeTrackingGame.exe" /INCREMENTAL /NOLOGO /LIBPATH:F:\OpenCV\build\x86\vc12\lib /LIBPATH:F:\OSG_3.20\lib osgd.lib osgGAd.lib osgDBd.lib osgviewerd.lib opencv_core249d.lib opencv_imgproc249d.lib opencv_highgui249d.lib opencv_ml249d.lib opencv_video249d.lib opencv_features2d249d.lib opencv_calib3d249d.lib opencv_objdetect249d.lib opencv_contrib249d.lib opencv_legacy249d.lib opencv_flann249d.lib kernel32.lib user32.lib gdi32.lib winspool.lib comdlg32.lib advapi32.lib shell32.lib ole32.lib oleaut32.lib uuid.lib odbc32.lib odbccp32.lib /MANIFEST /MANIFESTUAC:"level='asInvoker' uiAccess='false'" /manifest:embed /DEBUG /PDB:"X:\Development\Final Year Project\Debug\EyeTrackingGame.pdb" /TLBID:1 /DYNAMICBASE /NXCOMPAT /IMPLIB:"X:\Development\Final Year Project\Debug\EyeTrackingGame.lib" /MACHINE:X86 Debug\Cannonball.obj
         Debug\Collider.obj
         Debug\DynamicObject.obj
         Debug\Enemy.obj
         Debug\EyeTracker.obj
         Debug\FindEyeCenter.obj
         Debug\FindEyeCorner.obj
         Debug\Game.obj
         Debug\GameWorld.obj
         Debug\Helper.obj
         Debug\Main.obj
         Debug\Skybox.obj
         Debug\SkyDome.obj
         Debug\Terrain.obj
         Debug\TestDynamicObject.obj
         Lab2.vcxproj -> X:\Development\Final Year Project\Debug\EyeTrackingGame.exe
     1>Done Building Project "X:\Development\Final Year Project\Lab2\Lab2.vcxproj" (Build target(s)).

Build succeeded.

Time Elapsed 00:00:04.04
