Build started 15/01/2015 20:29:54.
     1>Project "X:\Development\Adv3DMod_Labs\Lab2\Lab2.vcxproj" on node 2 (Build target(s)).
     1>ClCompile:
         C:\Program Files (x86)\Microsoft Visual Studio 12.0\VC\bin\CL.exe /c /ID:\OSG_3.20\include /Zi /nologo /W3 /WX- /sdl /O2 /Oi /Oy- /GL /D WIN32 /D NDEBUG /D _MBCS /Gm- /EHsc /MD /GS /Gy /fp:precise /Zc:wchar_t /Zc:forScope /Fo"Release\\" /Fd"Release\vc120.pdb" /Gd /TP /analyze- /errorReport:prompt -Zm256 DynamicObject.cpp EyeTracker.cpp FindEyeCenter.cpp FindEyeCorner.cpp Game.cpp GameWorld.cpp Helper.cpp Main.cpp Skybox.cpp SkyDome.cpp Terrain.cpp TestDynamicObject.cpp
         DynamicObject.cpp
     1>x:\development\adv3dmod_labs\lab2\stdafx.h(4): fatal error C1083: Cannot open include file: 'opencv2/objdetect/objdetect.hpp': No such file or directory
         EyeTracker.cpp
     1>x:\development\adv3dmod_labs\lab2\stdafx.h(4): fatal error C1083: Cannot open include file: 'opencv2/objdetect/objdetect.hpp': No such file or directory
         FindEyeCenter.cpp
     1>FindEyeCenter.cpp(1): fatal error C1083: Cannot open include file: 'opencv2/objdetect/objdetect.hpp': No such file or directory
         FindEyeCorner.cpp
     1>FindEyeCorner.cpp(1): fatal error C1083: Cannot open include file: 'opencv2/objdetect/objdetect.hpp': No such file or directory
         Game.cpp
     1>x:\development\adv3dmod_labs\lab2\stdafx.h(4): fatal error C1083: Cannot open include file: 'opencv2/objdetect/objdetect.hpp': No such file or directory
         GameWorld.cpp
     1>x:\development\adv3dmod_labs\lab2\stdafx.h(4): fatal error C1083: Cannot open include file: 'opencv2/objdetect/objdetect.hpp': No such file or directory
         Helper.cpp
     1>Helper.cpp(1): fatal error C1083: Cannot open include file: 'opencv2/objdetect/objdetect.hpp': No such file or directory
         Main.cpp
     1>x:\development\adv3dmod_labs\lab2\stdafx.h(4): fatal error C1083: Cannot open include file: 'opencv2/objdetect/objdetect.hpp': No such file or directory
         Skybox.cpp
     1>x:\development\adv3dmod_labs\lab2\stdafx.h(4): fatal error C1083: Cannot open include file: 'opencv2/objdetect/objdetect.hpp': No such file or directory
         SkyDome.cpp
     1>x:\development\adv3dmod_labs\lab2\stdafx.h(4): fatal error C1083: Cannot open include file: 'opencv2/objdetect/objdetect.hpp': No such file or directory
         Terrain.cpp
     1>x:\development\adv3dmod_labs\lab2\stdafx.h(4): fatal error C1083: Cannot open include file: 'opencv2/objdetect/objdetect.hpp': No such file or directory
         TestDynamicObject.cpp
     1>x:\development\adv3dmod_labs\lab2\stdafx.h(4): fatal error C1083: Cannot open include file: 'opencv2/objdetect/objdetect.hpp': No such file or directory
     1>Done Building Project "X:\Development\Adv3DMod_Labs\Lab2\Lab2.vcxproj" (Build target(s)) -- FAILED.

Build FAILED.

Time Elapsed 00:00:00.36
